# JRE version: OpenJDK Runtime Environment (11.0.15) (build 11.0.15+0-b2043.56-9505619)
# Java VM: OpenJDK 64-Bit Server VM (11.0.15+0-b2043.56-9505619, mixed mode, tiered, compressed oops, g1 gc, windows-amd64)
Heap:
 garbage-first heap   total 229376K, used 136263K [0x0000000080000000, 0x0000000100000000)
  region size 1024K, 25 young (25600K), 2 survivors (2048K)
 Metaspace       used 134391K, capacity 138837K, committed 139188K, reserved 1169408K
  class space    used 16689K, capacity 18390K, committed 18532K, reserved 1048576K
GC Heap History (20 events):
Event: 2309.174 GC heap before
{Heap before GC invocations=51 (full 0):
 garbage-first heap   total 229376K, used 163982K [0x0000000080000000, 0x0000000100000000)
  region size 1024K, 42 young (43008K), 2 survivors (2048K)
 Metaspace       used 132313K, capacity 136775K, committed 137012K, reserved 1167360K
  class space    used 16595K, capacity 18304K, committed 18404K, reserved 1048576K
}
Event: 2309.180 GC heap after
{Heap after GC invocations=52 (full 0):
 garbage-first heap   total 229376K, used 126201K [0x0000000080000000, 0x0000000100000000)
  region size 1024K, 5 young (5120K), 5 survivors (5120K)
 Metaspace       used 132313K, capacity 136775K, committed 137012K, reserved 1167360K
  class space    used 16595K, capacity 18304K, committed 18404K, reserved 1048576K
}
Event: 2311.781 GC heap before
{Heap before GC invocations=53 (full 0):
 garbage-first heap   total 229376K, used 167161K [0x0000000080000000, 0x0000000100000000)
  region size 1024K, 46 young (47104K), 5 survivors (5120K)
 Metaspace       used 132617K, capacity 137145K, committed 137268K, reserved 1169408K
  class space    used 16618K, capacity 18344K, committed 18404K, reserved 1048576K
}
Event: 2311.792 GC heap after
{Heap after GC invocations=54 (full 0):
 garbage-first heap   total 229376K, used 136833K [0x0000000080000000, 0x0000000100000000)
  region size 1024K, 6 young (6144K), 6 survivors (6144K)
 Metaspace       used 132617K, capacity 137145K, committed 137268K, reserved 1169408K
  class space    used 16618K, capacity 18344K, committed 18404K, reserved 1048576K
}
Event: 2311.826 GC heap before
{Heap before GC invocations=54 (full 0):
 garbage-first heap   total 229376K, used 140929K [0x0000000080000000, 0x0000000100000000)
  region size 1024K, 11 young (11264K), 6 survivors (6144K)
 Metaspace       used 132628K, capacity 137209K, committed 137524K, reserved 1169408K
  class space    used 16618K, capacity 18344K, committed 18404K, reserved 1048576K
}
Event: 2311.840 GC heap after
{Heap after GC invocations=55 (full 0):
 garbage-first heap   total 229376K, used 121513K [0x0000000080000000, 0x0000000100000000)
  region size 1024K, 2 young (2048K), 2 survivors (2048K)
 Metaspace       used 132628K, capacity 137209K, committed 137524K, reserved 1169408K
  class space    used 16618K, capacity 18344K, committed 18404K, reserved 1048576K
}
Event: 2312.011 GC heap before
{Heap before GC invocations=55 (full 0):
 garbage-first heap   total 229376K, used 130729K [0x0000000080000000, 0x0000000100000000)
  region size 1024K, 11 young (11264K), 2 survivors (2048K)
 Metaspace       used 132678K, capacity 137211K, committed 137524K, reserved 1169408K
  class space    used 16618K, capacity 18344K, committed 18404K, reserved 1048576K
}
Event: 2312.023 GC heap after
{Heap after GC invocations=56 (full 0):
 garbage-first heap   total 229376K, used 121327K [0x0000000080000000, 0x0000000100000000)
  region size 1024K, 2 young (2048K), 2 survivors (2048K)
 Metaspace       used 132678K, capacity 137211K, committed 137524K, reserved 1169408K
  class space    used 16618K, capacity 18344K, committed 18404K, reserved 1048576K
}
Event: 2312.071 GC heap before
{Heap before GC invocations=56 (full 0):
 garbage-first heap   total 229376K, used 126447K [0x0000000080000000, 0x0000000100000000)
  region size 1024K, 8 young (8192K), 2 survivors (2048K)
 Metaspace       used 132701K, capacity 137275K, committed 137524K, reserved 1169408K
  class space    used 16619K, capacity 18344K, committed 18404K, reserved 1048576K
}
Event: 2312.076 GC heap after
{Heap after GC invocations=57 (full 0):
 garbage-first heap   total 229376K, used 121118K [0x0000000080000000, 0x0000000100000000)
  region size 1024K, 2 young (2048K), 2 survivors (2048K)
 Metaspace       used 132701K, capacity 137275K, committed 137524K, reserved 1169408K
  class space    used 16619K, capacity 18344K, committed 18404K, reserved 1048576K
}
Event: 2312.395 GC heap before
{Heap before GC invocations=58 (full 0):
 garbage-first heap   total 229376K, used 165150K [0x0000000080000000, 0x0000000100000000)
  region size 1024K, 44 young (45056K), 2 survivors (2048K)
 Metaspace       used 133408K, capacity 138005K, committed 138036K, reserved 1169408K
  class space    used 16661K, capacity 18387K, committed 18404K, reserved 1048576K
}
Event: 2312.405 GC heap after
{Heap after GC invocations=59 (full 0):
 garbage-first heap   total 229376K, used 129743K [0x0000000080000000, 0x0000000100000000)
  region size 1024K, 6 young (6144K), 6 survivors (6144K)
 Metaspace       used 133408K, capacity 138005K, committed 138036K, reserved 1169408K
  class space    used 16661K, capacity 18387K, committed 18404K, reserved 1048576K
}
Event: 2312.424 GC heap before
{Heap before GC invocations=59 (full 0):
 garbage-first heap   total 229376K, used 133839K [0x0000000080000000, 0x0000000100000000)
  region size 1024K, 12 young (12288K), 6 survivors (6144K)
 Metaspace       used 133514K, capacity 138078K, committed 138292K, reserved 1169408K
  class space    used 16664K, capacity 18388K, committed 18404K, reserved 1048576K
}
Event: 2312.440 GC heap after
{Heap after GC invocations=60 (full 0):
 garbage-first heap   total 229376K, used 125436K [0x0000000080000000, 0x0000000100000000)
  region size 1024K, 2 young (2048K), 2 survivors (2048K)
 Metaspace       used 133514K, capacity 138078K, committed 138292K, reserved 1169408K
  class space    used 16664K, capacity 18388K, committed 18404K, reserved 1048576K
}
Event: 2312.894 GC heap before
{Heap before GC invocations=60 (full 0):
 garbage-first heap   total 229376K, used 166396K [0x0000000080000000, 0x0000000100000000)
  region size 1024K, 43 young (44032K), 2 survivors (2048K)
 Metaspace       used 134254K, capacity 138856K, committed 139188K, reserved 1169408K
  class space    used 16697K, capacity 18427K, committed 18532K, reserved 1048576K
}
Event: 2312.900 GC heap after
{Heap after GC invocations=61 (full 0):
 garbage-first heap   total 229376K, used 124842K [0x0000000080000000, 0x0000000100000000)
  region size 1024K, 1 young (1024K), 1 survivors (1024K)
 Metaspace       used 134254K, capacity 138856K, committed 139188K, reserved 1169408K
  class space    used 16697K, capacity 18427K, committed 18532K, reserved 1048576K
}
Event: 2662.135 GC heap before
{Heap before GC invocations=62 (full 0):
 garbage-first heap   total 229376K, used 183210K [0x0000000080000000, 0x0000000100000000)
  region size 1024K, 46 young (47104K), 1 survivors (1024K)
 Metaspace       used 134302K, capacity 138837K, committed 139188K, reserved 1169408K
  class space    used 16689K, capacity 18390K, committed 18532K, reserved 1048576K
}
Event: 2662.140 GC heap after
{Heap after GC invocations=63 (full 0):
 garbage-first heap   total 229376K, used 126238K [0x0000000080000000, 0x0000000100000000)
  region size 1024K, 3 young (3072K), 3 survivors (3072K)
 Metaspace       used 134302K, capacity 138837K, committed 139188K, reserved 1169408K
  class space    used 16689K, capacity 18390K, committed 18532K, reserved 1048576K
}
Event: 2662.255 GC heap before
{Heap before GC invocations=63 (full 0):
 garbage-first heap   total 229376K, used 133406K [0x0000000080000000, 0x0000000100000000)
  region size 1024K, 11 young (11264K), 3 survivors (3072K)
 Metaspace       used 134316K, capacity 138837K, committed 139188K, reserved 1169408K
  class space    used 16689K, capacity 18390K, committed 18532K, reserved 1048576K
}
Event: 2662.270 GC heap after
{Heap after GC invocations=64 (full 0):
 garbage-first heap   total 229376K, used 113735K [0x0000000080000000, 0x0000000100000000)
  region size 1024K, 2 young (2048K), 2 survivors (2048K)
 Metaspace       used 134316K, capacity 138837K, committed 139188K, reserved 1169408K
  class space    used 16689K, capacity 18390K, committed 18532K, reserved 1048576K
}

